[2021-05-25T14:53:42.687] [DEBUG] cheese - login => username:admin,password:123456
[2021-05-25T14:53:42.688] [DEBUG] cheese - admin
[2021-05-25T14:53:42.703] [DEBUG] cheese - null
[2021-05-25T14:53:42.703] [DEBUG] cheese - null
[2021-08-25T17:22:02.286] [DEBUG] cheese - login => username:admin,password:123456
[2021-08-25T17:22:02.291] [DEBUG] cheese - admin
[2021-08-25T17:22:02.319] [DEBUG] cheese - null
[2021-08-25T17:22:02.320] [DEBUG] cheese - null
[2021-08-25T19:37:08.739] [DEBUG] cheese - login => username:admin,password:123456
[2021-08-25T19:37:08.739] [DEBUG] cheese - admin
[2021-08-25T19:37:08.748] [DEBUG] cheese - null
[2021-08-25T19:37:08.748] [DEBUG] cheese - null
[2021-08-27T11:06:41.395] [DEBUG] cheese - login => username:admin,password:123456
[2021-08-27T11:06:41.398] [DEBUG] cheese - admin
[2021-08-27T11:06:41.654] [DEBUG] cheese - null
[2021-08-27T11:06:41.654] [DEBUG] cheese - null
[2021-08-27T11:08:32.786] [DEBUG] cheese - login => username:admin,password:123456
[2021-08-27T11:08:32.787] [DEBUG] cheese - admin
[2021-08-27T11:08:32.794] [DEBUG] cheese - null
[2021-08-27T11:08:32.794] [DEBUG] cheese - null
[2021-08-27T11:09:44.871] [DEBUG] cheese - login => username:admin,password:123456
[2021-08-27T11:09:44.871] [DEBUG] cheese - admin
[2021-08-27T11:09:44.876] [DEBUG] cheese - null
[2021-08-27T11:09:44.876] [DEBUG] cheese - null
[2021-08-27T11:10:31.388] [DEBUG] cheese - login => username:admin,password:123456
[2021-08-27T11:10:31.388] [DEBUG] cheese - admin
[2021-08-27T11:10:31.391] [DEBUG] cheese - null
[2021-08-27T11:10:31.392] [DEBUG] cheese - null
[2021-08-27T11:12:31.482] [DEBUG] cheese - login => username:ad582525,password:123456
[2021-08-27T11:12:31.482] [DEBUG] cheese - ad582525
[2021-08-27T11:12:31.494] [DEBUG] cheese - null
[2021-08-27T11:12:31.494] [DEBUG] cheese - null
[2021-08-27T11:12:36.251] [DEBUG] cheese - login => username:admin,password:123456
[2021-08-27T11:12:36.251] [DEBUG] cheese - admin
[2021-08-27T11:12:36.255] [DEBUG] cheese - null
[2021-08-27T11:12:36.255] [DEBUG] cheese - null
[2021-08-27T11:20:44.021] [DEBUG] cheese - login => username:admin,password:123456
[2021-08-27T11:20:44.022] [DEBUG] cheese - admin
[2021-08-27T11:20:44.030] [DEBUG] cheese - null
[2021-08-27T11:20:44.030] [DEBUG] cheese - null
[2021-08-27T11:20:53.715] [DEBUG] cheese - login => username:admin,password:1234565
[2021-08-27T11:20:53.715] [DEBUG] cheese - admin
[2021-08-27T11:20:53.718] [DEBUG] cheese - null
[2021-08-27T11:20:53.719] [DEBUG] cheese - null
[2021-08-27T11:25:46.445] [DEBUG] cheese - login => username:admin,password:123456
[2021-08-27T11:25:46.445] [DEBUG] cheese - admin
[2021-08-27T11:25:46.453] [DEBUG] cheese - null
[2021-08-27T11:25:46.453] [DEBUG] cheese - null
[2021-08-27T11:26:05.895] [DEBUG] cheese - login => username:admin,password:123456
[2021-08-27T11:26:05.895] [DEBUG] cheese - admin
[2021-08-27T11:26:05.900] [DEBUG] cheese - null
[2021-08-27T11:26:05.900] [DEBUG] cheese - null
[2021-08-27T11:26:36.435] [DEBUG] cheese - login => username:admin,password:123456
[2021-08-27T11:26:36.435] [DEBUG] cheese - admin
[2021-08-27T11:26:36.438] [DEBUG] cheese - null
[2021-08-27T11:26:36.438] [DEBUG] cheese - null
[2021-08-27T11:27:46.107] [DEBUG] cheese - login => username:admin,password:123456
[2021-08-27T11:27:46.107] [DEBUG] cheese - admin
[2021-08-27T11:27:46.110] [DEBUG] cheese - null
[2021-08-27T11:27:46.110] [DEBUG] cheese - null
[2021-08-27T11:29:16.252] [DEBUG] cheese - login => username:admin,password:123456
[2021-08-27T11:29:16.252] [DEBUG] cheese - admin
[2021-08-27T11:29:16.256] [DEBUG] cheese - null
[2021-08-27T11:29:16.256] [DEBUG] cheese - null
[2021-08-27T11:31:18.561] [DEBUG] cheese - login => username:admin,password:123456
[2021-08-27T11:31:18.561] [DEBUG] cheese - admin
[2021-08-27T11:31:18.574] [DEBUG] cheese - null
[2021-08-27T11:31:18.574] [DEBUG] cheese - null
[2021-08-27T11:50:27.421] [DEBUG] cheese - login => username:admin,password:123456
[2021-08-27T11:50:27.421] [DEBUG] cheese - admin
[2021-08-27T11:50:27.429] [DEBUG] cheese - null
[2021-08-27T11:50:27.429] [DEBUG] cheese - null
[2021-08-27T11:50:48.469] [DEBUG] cheese - login => username:admin,password:123456
[2021-08-27T11:50:48.469] [DEBUG] cheese - admin
[2021-08-27T11:50:48.473] [DEBUG] cheese - null
[2021-08-27T11:50:48.473] [DEBUG] cheese - null
[2021-08-27T11:51:26.846] [DEBUG] cheese - login => username:admin,password:123456
[2021-08-27T11:51:26.846] [DEBUG] cheese - admin
[2021-08-27T11:51:26.848] [DEBUG] cheese - null
[2021-08-27T11:51:26.848] [DEBUG] cheese - null
[2021-08-27T11:51:52.820] [DEBUG] cheese - login => username:admin,password:123456
[2021-08-27T11:51:52.820] [DEBUG] cheese - admin
[2021-08-27T11:51:52.822] [DEBUG] cheese - null
[2021-08-27T11:51:52.822] [DEBUG] cheese - null
[2021-08-27T11:53:46.366] [DEBUG] cheese - login => username:admin,password:123456
[2021-08-27T11:53:46.366] [DEBUG] cheese - admin
[2021-08-27T11:53:46.370] [DEBUG] cheese - null
[2021-08-27T11:53:46.370] [DEBUG] cheese - null
[2021-08-27T11:54:40.475] [DEBUG] cheese - login => username:admin,password:123456
[2021-08-27T11:54:40.475] [DEBUG] cheese - admin
[2021-08-27T11:54:40.478] [DEBUG] cheese - null
[2021-08-27T11:54:40.478] [DEBUG] cheese - null
[2021-08-27T12:01:01.636] [DEBUG] cheese - login => username:admin,password:123456
[2021-08-27T12:01:01.636] [DEBUG] cheese - admin
[2021-08-27T12:01:01.645] [DEBUG] cheese - null
[2021-08-27T12:01:01.645] [DEBUG] cheese - null
[2021-08-27T12:52:36.796] [DEBUG] cheese - login => username:admin,password:123456
[2021-08-27T12:52:36.798] [DEBUG] cheese - admin
[2021-08-27T12:52:37.214] [DEBUG] cheese - null
[2021-08-27T12:52:37.215] [DEBUG] cheese - null
[2021-08-27T14:48:14.830] [DEBUG] cheese - login => username:admin,password:123456
[2021-08-27T14:48:14.830] [DEBUG] cheese - admin
[2021-08-27T14:48:14.837] [DEBUG] cheese - null
[2021-08-27T14:48:14.837] [DEBUG] cheese - null
[2021-08-27T15:01:54.673] [DEBUG] cheese - login => username:admin,password:123456
[2021-08-27T15:01:54.673] [DEBUG] cheese - admin
[2021-08-27T15:01:54.679] [DEBUG] cheese - null
[2021-08-27T15:01:54.680] [DEBUG] cheese - null
[2021-08-27T15:28:51.911] [DEBUG] cheese - login => username:admin,password:123456
[2021-08-27T15:28:51.911] [DEBUG] cheese - admin
[2021-08-27T15:28:51.917] [DEBUG] cheese - null
[2021-08-27T15:28:51.917] [DEBUG] cheese - null
[2021-08-27T15:33:03.339] [DEBUG] cheese - login => username:admin,password:123456
[2021-08-27T15:33:03.339] [DEBUG] cheese - admin
[2021-08-27T15:33:03.345] [DEBUG] cheese - null
[2021-08-27T15:33:03.345] [DEBUG] cheese - null
[2021-08-27T15:34:13.344] [DEBUG] cheese - login => username:admin,password:123456
[2021-08-27T15:34:13.345] [DEBUG] cheese - admin
[2021-08-27T15:34:13.347] [DEBUG] cheese - null
[2021-08-27T15:34:13.347] [DEBUG] cheese - null
[2021-08-27T15:35:03.172] [DEBUG] cheese - login => username:admin,password:123456
[2021-08-27T15:35:03.172] [DEBUG] cheese - admin
[2021-08-27T15:35:03.175] [DEBUG] cheese - null
[2021-08-27T15:35:03.175] [DEBUG] cheese - null
[2021-08-27T16:43:48.310] [DEBUG] cheese - login => username:admin,password:123456
[2021-08-27T16:43:48.310] [DEBUG] cheese - admin
[2021-08-27T16:43:48.317] [DEBUG] cheese - null
[2021-08-27T16:43:48.317] [DEBUG] cheese - null
[2021-08-27T16:44:08.664] [DEBUG] cheese - login => username:admin,password:123456
[2021-08-27T16:44:08.664] [DEBUG] cheese - admin
[2021-08-27T16:44:08.667] [DEBUG] cheese - null
[2021-08-27T16:44:08.667] [DEBUG] cheese - null
[2021-08-27T16:51:45.038] [DEBUG] cheese - login => username:admin,password:123456
[2021-08-27T16:51:45.038] [DEBUG] cheese - admin
[2021-08-27T16:51:45.043] [DEBUG] cheese - null
[2021-08-27T16:51:45.043] [DEBUG] cheese - null
[2021-08-27T16:51:54.404] [DEBUG] cheese - login => username:admin,password:123456
[2021-08-27T16:51:54.404] [DEBUG] cheese - admin
[2021-08-27T16:51:54.407] [DEBUG] cheese - null
[2021-08-27T16:51:54.407] [DEBUG] cheese - null
[2021-08-27T16:52:06.490] [DEBUG] cheese - login => username:admin,password:123456
[2021-08-27T16:52:06.490] [DEBUG] cheese - admin
[2021-08-27T16:52:06.492] [DEBUG] cheese - null
[2021-08-27T16:52:06.492] [DEBUG] cheese - null
[2021-08-27T16:52:21.378] [DEBUG] cheese - login => username:admin,password:123456
[2021-08-27T16:52:21.378] [DEBUG] cheese - admin
[2021-08-27T16:52:21.384] [DEBUG] cheese - null
[2021-08-27T16:52:21.384] [DEBUG] cheese - null
[2021-08-27T17:18:21.081] [DEBUG] cheese - login => username:admin,password:123456
[2021-08-27T17:18:21.081] [DEBUG] cheese - admin
[2021-08-27T17:18:21.087] [DEBUG] cheese - null
[2021-08-27T17:18:21.087] [DEBUG] cheese - null
[2021-08-27T17:24:14.237] [DEBUG] cheese - login => username:admin,password:123456
[2021-08-27T17:24:14.237] [DEBUG] cheese - admin
[2021-08-27T17:24:14.239] [DEBUG] cheese - null
[2021-08-27T17:24:14.239] [DEBUG] cheese - null
[2021-08-27T17:24:44.910] [DEBUG] cheese - login => username:admin,password:123456
[2021-08-27T17:24:44.910] [DEBUG] cheese - admin
[2021-08-27T17:24:44.912] [DEBUG] cheese - null
[2021-08-27T17:24:44.912] [DEBUG] cheese - null
[2021-08-27T17:25:56.630] [DEBUG] cheese - login => username:admin,password:123456
[2021-08-27T17:25:56.630] [DEBUG] cheese - admin
[2021-08-27T17:25:56.634] [DEBUG] cheese - null
[2021-08-27T17:25:56.634] [DEBUG] cheese - null
[2021-08-27T17:34:40.122] [DEBUG] cheese - login => username:admin,password:123456
[2021-08-27T17:34:40.122] [DEBUG] cheese - admin
[2021-08-27T17:34:40.126] [DEBUG] cheese - null
[2021-08-27T17:34:40.126] [DEBUG] cheese - null
[2021-08-27T17:35:36.332] [DEBUG] cheese - login => username:admin,password:123456
[2021-08-27T17:35:36.332] [DEBUG] cheese - admin
[2021-08-27T17:35:36.337] [DEBUG] cheese - null
[2021-08-27T17:35:36.337] [DEBUG] cheese - null
[2021-08-27T17:46:16.776] [DEBUG] cheese - login => username:admin,password:123456
[2021-08-27T17:46:16.777] [DEBUG] cheese - admin
[2021-08-27T17:46:16.779] [DEBUG] cheese - null
[2021-08-27T17:46:16.779] [DEBUG] cheese - null
[2021-08-27T17:55:52.440] [DEBUG] cheese - login => username:admin,password:123456
[2021-08-27T17:55:52.441] [DEBUG] cheese - admin
[2021-08-27T17:55:52.443] [DEBUG] cheese - null
[2021-08-27T17:55:52.443] [DEBUG] cheese - null
[2021-08-27T17:59:07.100] [DEBUG] cheese - login => username:admin,password:123456
[2021-08-27T17:59:07.100] [DEBUG] cheese - admin
[2021-08-27T17:59:07.103] [DEBUG] cheese - null
[2021-08-27T17:59:07.104] [DEBUG] cheese - null
[2021-08-27T17:59:41.094] [DEBUG] cheese - login => username:admin,password:123456
[2021-08-27T17:59:41.094] [DEBUG] cheese - admin
[2021-08-27T17:59:41.097] [DEBUG] cheese - null
[2021-08-27T17:59:41.097] [DEBUG] cheese - null
[2021-08-27T17:59:50.949] [DEBUG] cheese - login => username:admin,password:123456
[2021-08-27T17:59:50.949] [DEBUG] cheese - admin
[2021-08-27T17:59:50.951] [DEBUG] cheese - null
[2021-08-27T17:59:50.951] [DEBUG] cheese - null
[2021-08-27T18:00:11.796] [DEBUG] cheese - login => username:admin,password:123456
[2021-08-27T18:00:11.797] [DEBUG] cheese - admin
[2021-08-27T18:00:11.798] [DEBUG] cheese - null
[2021-08-27T18:00:11.798] [DEBUG] cheese - null
[2021-08-27T18:00:36.133] [DEBUG] cheese - login => username:admin,password:123456
[2021-08-27T18:00:36.134] [DEBUG] cheese - admin
[2021-08-27T18:00:36.137] [DEBUG] cheese - null
[2021-08-27T18:00:36.137] [DEBUG] cheese - null
[2021-08-27T18:00:54.281] [DEBUG] cheese - login => username:admin,password:123456
[2021-08-27T18:00:54.281] [DEBUG] cheese - admin
[2021-08-27T18:00:54.285] [DEBUG] cheese - null
[2021-08-27T18:00:54.286] [DEBUG] cheese - null
[2021-08-27T18:00:57.480] [DEBUG] cheese - login => username:admin,password:123456
[2021-08-27T18:00:57.480] [DEBUG] cheese - admin
[2021-08-27T18:00:57.482] [DEBUG] cheese - null
[2021-08-27T18:00:57.482] [DEBUG] cheese - null
[2021-08-27T18:01:02.142] [DEBUG] cheese - login => username:admin,password:123456
[2021-08-27T18:01:02.142] [DEBUG] cheese - admin
[2021-08-27T18:01:02.145] [DEBUG] cheese - null
[2021-08-27T18:01:02.145] [DEBUG] cheese - null
[2021-08-27T18:02:24.413] [DEBUG] cheese - login => username:admin,password:123456
[2021-08-27T18:02:24.413] [DEBUG] cheese - admin
[2021-08-27T18:02:24.415] [DEBUG] cheese - null
[2021-08-27T18:02:24.416] [DEBUG] cheese - null
[2021-08-27T18:05:39.034] [DEBUG] cheese - login => username:admin,password:123456
[2021-08-27T18:05:39.034] [DEBUG] cheese - admin
[2021-08-27T18:05:39.037] [DEBUG] cheese - null
[2021-08-27T18:05:39.038] [DEBUG] cheese - null
[2021-08-27T18:05:59.783] [DEBUG] cheese - login => username:admin,password:123456
[2021-08-27T18:05:59.783] [DEBUG] cheese - admin
[2021-08-27T18:05:59.785] [DEBUG] cheese - null
[2021-08-27T18:05:59.786] [DEBUG] cheese - null
[2021-08-27T18:25:54.797] [DEBUG] cheese - login => username:admin,password:123456
[2021-08-27T18:25:54.797] [DEBUG] cheese - admin
[2021-08-27T18:25:54.804] [DEBUG] cheese - null
[2021-08-27T18:25:54.804] [DEBUG] cheese - null
[2021-08-27T18:33:11.480] [DEBUG] cheese - login => username:admin,password:123456
[2021-08-27T18:33:11.480] [DEBUG] cheese - admin
[2021-08-27T18:33:11.483] [DEBUG] cheese - null
[2021-08-27T18:33:11.483] [DEBUG] cheese - null
[2021-08-27T18:35:26.768] [DEBUG] cheese - login => username:admin,password:123456
[2021-08-27T18:35:26.768] [DEBUG] cheese - admin
[2021-08-27T18:35:26.770] [DEBUG] cheese - null
[2021-08-27T18:35:26.770] [DEBUG] cheese - null
[2021-08-27T18:48:07.392] [DEBUG] cheese - login => username:admin,password:123456
[2021-08-27T18:48:07.392] [DEBUG] cheese - admin
[2021-08-27T18:48:07.396] [DEBUG] cheese - null
[2021-08-27T18:48:07.396] [DEBUG] cheese - null
